Visual Studio Code (1.76.2, wsl, desktop)
Jupyter Extension Version: 2023.2.1200692131.
Python Extension Version: 2023.4.1.
Workspace folder /home/gianna/test
User belongs to experiment group 'jupyterEnhancedDataViewer'
User belongs to experiment group 'jupyterTest'
info 12:21:17.442: LSP Notebooks experiment is enabled
warn 12:21:19.899: Failed to get activated env vars with python /bin/python3 in 416ms
info 12:21:20.037: Process Execution: > /bin/python3 -c "import site;print("USER_BASE_VALUE");print(site.USER_SITE);print("USER_BASE_VALUE");"
> /bin/python3 -c "import site;print("USER_BASE_VALUE");print(site.USER_SITE);print("USER_BASE_VALUE");"
info 12:21:20.123: Process Execution: > /bin/python3 -m pip list
> /bin/python3 -m pip list
info 12:21:20.245: Process Execution: > /bin/python3 -c "import pip;print('6af208d0-cb9c-427f-b937-ff563e17efdf')"
> /bin/python3 -c "import pip;print('6af208d0-cb9c-427f-b937-ff563e17efdf')"
error 12:21:21.843: interpreterPackages getPackageInformation, Class name = Zd, completed in 2362ms, has a falsy return value, Arg 1: {"interpreter":{"id":"/bin/python3","sysPrefix":"/usr","displayPath":{"$mid":1,"fsPath":"/bin/python3","path":"/bin/python3","scheme":"file"},"envName":"","uri":{"$mid":1,"fsPath":"/bin/python3","external":"file:///bin/python3","path":"/bin/python3","scheme":"file"},"displayName":"","envType":"Unknown","version":{"major":3,"minor":10,"patch":6,"raw":"3.10.6 (main, Nov 14 2022, 16:10:14) [GCC 11.3.0]"}}} [Sl [Error]: Module 'pip' not installed.
	at Cl.execModule (/home/gianna/.vscode-server/extensions/ms-toolsai.jupyter-2023.2.1200692131/out/extension.node.js:2:1783549)
	at async Zd.getPackageInformation (/home/gianna/.vscode-server/extensions/ms-toolsai.jupyter-2023.2.1200692131/out/extension.node.js:17:40189)] {
  category: 'notinstalled',
  moduleName: 'pip'
}
info 12:22:13.762: Ending debug session 636a013a-e7ef-4dfe-8406-f861226a6db9
info 12:22:13.762: Ending debug session 636a013a-e7ef-4dfe-8406-f861226a6db9
info 12:57:44.673: Shutting down notebooks for 26c9244a-f10e-4bdd-a4ea-d5bd294ec70d
info 12:57:44.678: Disposing HostJupyterExecution 289e399f-a106-476c-9c3e-b1a3af4d0241
info 12:57:44.708: Disposing HostJupyterExecution 289e399f-a106-476c-9c3e-b1a3af4d0241
