2023-03-22 12:17:29.453 [info] Extension host with pid 268 started
2023-03-22 12:17:29.566 [info] Lock '/home/gianna/.vscode-server/data/User/workspaceStorage/0a2f28e0ca7376a7a39b116457b7c9dc/vscode.lock': Lock acquired.
2023-03-22 12:17:30.360 [info] ExtensionService#_doActivateExtension vscode.emmet, startup: false, activationEvent: 'onLanguage'
2023-03-22 12:17:30.362 [info] ExtensionService#_doActivateExtension vscode.git-base, startup: true, activationEvent: '*'
2023-03-22 12:17:30.844 [info] ExtensionService#_doActivateExtension vscode.github, startup: true, activationEvent: '*'
2023-03-22 12:17:31.021 [info] ExtensionService#_doActivateExtension vscode.git, startup: false, activationEvent: 'api', root cause: vscode.github
2023-03-22 12:17:31.604 [info] Eager extensions activated
2023-03-22 12:17:31.605 [info] ExtensionService#_doActivateExtension vscode.debug-auto-launch, startup: false, activationEvent: 'onStartupFinished'
2023-03-22 12:17:31.617 [info] ExtensionService#_doActivateExtension vscode.merge-conflict, startup: false, activationEvent: 'onStartupFinished'
2023-03-22 12:19:10.051 [info] ExtensionService#_doActivateExtension vscode.debug-server-ready, startup: false, activationEvent: 'onDebugResolve'
2023-03-22 12:21:11.591 [info] ExtensionService#_doActivateExtension ms-toolsai.jupyter, startup: false, activationEvent: 'onLanguage:python'
2023-03-22 12:21:11.597 [info] ExtensionService#_doActivateExtension ms-python.python, startup: false, activationEvent: 'onLanguage:python'
2023-03-22 12:21:17.435 [info] ExtensionService#_doActivateExtension ms-toolsai.jupyter-renderers, startup: false, activationEvent: 'api', root cause: ms-toolsai.jupyter
2023-03-22 12:21:17.885 [info] ExtensionService#_doActivateExtension ms-python.vscode-pylance, startup: false, activationEvent: 'onLanguage:python'
2023-03-22 12:21:22.861 [error] Error: Module 'pip' not installed.
	at Cl.execModule (/home/gianna/.vscode-server/extensions/ms-toolsai.jupyter-2023.2.1200692131/out/extension.node.js:2:1783549)
	at async Zd.getPackageInformation (/home/gianna/.vscode-server/extensions/ms-toolsai.jupyter-2023.2.1200692131/out/extension.node.js:17:40189)
2023-03-22 12:57:42.207 [info] Extension host terminating: received terminate message from renderer
2023-03-22 12:57:42.304 [info] Lock '/home/gianna/.vscode-server/data/User/workspaceStorage/0a2f28e0ca7376a7a39b116457b7c9dc/vscode.lock': Marking the lockfile as scheduled to be released in 6000 ms.
2023-03-22 12:57:44.978 [info] Extension host with pid 268 exiting with code 0
