Visual Studio Code (1.76.2, wsl, desktop)
Jupyter Extension Version: 2023.2.1200692131.
Python Extension Version: 2023.4.1.
Workspace folder /home/gianna/test
User belongs to experiment group 'jupyterEnhancedDataViewer'
User belongs to experiment group 'jupyterTest'
info 05:51:20.644: LSP Notebooks experiment is enabled
warn 05:51:25.053: Failed to get activated env vars with python /bin/python3 in 1616ms
info 05:51:25.297: Process Execution: > /bin/python3 -c "import site;print("USER_BASE_VALUE");print(site.USER_SITE);print("USER_BASE_VALUE");"
> /bin/python3 -c "import site;print("USER_BASE_VALUE");print(site.USER_SITE);print("USER_BASE_VALUE");"
info 05:51:25.780: Process Execution: > /bin/python3 -m pip list
> /bin/python3 -m pip list
info 05:51:26.356: Process Execution: > /bin/python3 -c "import pip;print('6af208d0-cb9c-427f-b937-ff563e17efdf')"
> /bin/python3 -c "import pip;print('6af208d0-cb9c-427f-b937-ff563e17efdf')"
error 05:51:32.679: interpreterPackages getPackageInformation, Class name = Zd, completed in 9248ms, has a falsy return value, Arg 1: {"interpreter":{"id":"/bin/python3","sysPrefix":"/usr","displayPath":{"$mid":1,"fsPath":"/bin/python3","path":"/bin/python3","scheme":"file"},"envName":"","uri":{"$mid":1,"fsPath":"/bin/python3","external":"file:///bin/python3","path":"/bin/python3","scheme":"file"},"displayName":"","envType":"Unknown","version":{"major":3,"minor":10,"patch":6,"raw":"3.10.6 (main, Nov 14 2022, 16:10:14) [GCC 11.3.0]"}}} [Sl [Error]: Module 'pip' not installed.
	at Cl.execModule (/home/gianna/.vscode-server/extensions/ms-toolsai.jupyter-2023.2.1200692131/out/extension.node.js:2:1783549)
	at async Zd.getPackageInformation (/home/gianna/.vscode-server/extensions/ms-toolsai.jupyter-2023.2.1200692131/out/extension.node.js:17:40189)] {
  category: 'notinstalled',
  moduleName: 'pip'
}
info 05:57:53.176: Shutting down notebooks for 43ac82e2-8a18-4b1b-b76c-158b360ce4bd
info 05:57:53.183: Disposing HostJupyterExecution 05c56c3e-2317-42c7-8240-604cbd8110e1
info 05:57:53.201: Disposing HostJupyterExecution 05c56c3e-2317-42c7-8240-604cbd8110e1
